# JRE version: Java(TM) SE Runtime Environment (17.0.12+8) (build 17.0.12+8-LTS-286)
# Java VM: Java HotSpot(TM) 64-Bit Server VM (17.0.12+8-LTS-286, mixed mode, sharing, tiered, compressed oops, compressed class ptrs, g1 gc, windows-amd64)
GC Precious Log:
 CPUs: 12 total, 12 available
 Memory: 7903M
 Large Page Support: Disabled
 NUMA Support: Disabled
 Compressed Oops: Enabled (Zero based)
 Heap Region Size: 2M
 Heap Min Capacity: 8M
 Heap Initial Capacity: 124M
 Heap Max Capacity: 4G
 Pre-touch: Disabled
 Parallel Workers: 10
 Concurrent Workers: 3
 Concurrent Refinement Workers: 10
 Periodic GC: Disabled
Heap:
 garbage-first heap   total 217088K, used 101489K [0x0000000700000000, 0x0000000800000000)
  region size 2048K, 7 young (14336K), 4 survivors (8192K)
 Metaspace       used 66638K, committed 67584K, reserved 1114112K
  class space    used 9100K, committed 9600K, reserved 1048576K
GC Heap History (20 events):
Event: 33.816 GC heap before
{Heap before GC invocations=34 (full 0):
 garbage-first heap   total 147456K, used 115038K [0x0000000700000000, 0x0000000800000000)
  region size 2048K, 17 young (34816K), 2 survivors (4096K)
 Metaspace       used 59842K, committed 60608K, reserved 1114112K
  class space    used 8228K, committed 8640K, reserved 1048576K
}
Event: 33.823 GC heap after
{Heap after GC invocations=35 (full 0):
 garbage-first heap   total 147456K, used 84931K [0x0000000700000000, 0x0000000800000000)
  region size 2048K, 2 young (4096K), 2 survivors (4096K)
 Metaspace       used 59842K, committed 60608K, reserved 1114112K
  class space    used 8228K, committed 8640K, reserved 1048576K
}
Event: 33.863 GC heap before
{Heap before GC invocations=35 (full 0):
 garbage-first heap   total 147456K, used 86979K [0x0000000700000000, 0x0000000800000000)
  region size 2048K, 3 young (6144K), 2 survivors (4096K)
 Metaspace       used 59857K, committed 60672K, reserved 1114112K
  class space    used 8228K, committed 8640K, reserved 1048576K
}
Event: 33.868 GC heap after
{Heap after GC invocations=36 (full 0):
 garbage-first heap   total 147456K, used 83393K [0x0000000700000000, 0x0000000800000000)
  region size 2048K, 1 young (2048K), 1 survivors (2048K)
 Metaspace       used 59857K, committed 60672K, reserved 1114112K
  class space    used 8228K, committed 8640K, reserved 1048576K
}
Event: 34.388 GC heap before
{Heap before GC invocations=36 (full 0):
 garbage-first heap   total 147456K, used 114113K [0x0000000700000000, 0x0000000800000000)
  region size 2048K, 17 young (34816K), 1 survivors (2048K)
 Metaspace       used 59888K, committed 60672K, reserved 1114112K
  class space    used 8228K, committed 8640K, reserved 1048576K
}
Event: 34.396 GC heap after
{Heap after GC invocations=37 (full 0):
 garbage-first heap   total 147456K, used 85116K [0x0000000700000000, 0x0000000800000000)
  region size 2048K, 2 young (4096K), 2 survivors (4096K)
 Metaspace       used 59888K, committed 60672K, reserved 1114112K
  class space    used 8228K, committed 8640K, reserved 1048576K
}
Event: 34.823 GC heap before
{Heap before GC invocations=38 (full 0):
 garbage-first heap   total 153600K, used 115836K [0x0000000700000000, 0x0000000800000000)
  region size 2048K, 18 young (36864K), 2 survivors (4096K)
 Metaspace       used 59897K, committed 60672K, reserved 1114112K
  class space    used 8229K, committed 8640K, reserved 1048576K
}
Event: 34.830 GC heap after
{Heap after GC invocations=39 (full 0):
 garbage-first heap   total 153600K, used 86012K [0x0000000700000000, 0x0000000800000000)
  region size 2048K, 2 young (4096K), 2 survivors (4096K)
 Metaspace       used 59897K, committed 60672K, reserved 1114112K
  class space    used 8229K, committed 8640K, reserved 1048576K
}
Event: 34.860 GC heap before
{Heap before GC invocations=39 (full 0):
 garbage-first heap   total 153600K, used 88060K [0x0000000700000000, 0x0000000800000000)
  region size 2048K, 3 young (6144K), 2 survivors (4096K)
 Metaspace       used 59897K, committed 60672K, reserved 1114112K
  class space    used 8229K, committed 8640K, reserved 1048576K
}
Event: 34.867 GC heap after
{Heap after GC invocations=40 (full 0):
 garbage-first heap   total 217088K, used 85055K [0x0000000700000000, 0x0000000800000000)
  region size 2048K, 1 young (2048K), 1 survivors (2048K)
 Metaspace       used 59897K, committed 60672K, reserved 1114112K
  class space    used 8229K, committed 8640K, reserved 1048576K
}
Event: 36.019 GC heap before
{Heap before GC invocations=40 (full 0):
 garbage-first heap   total 217088K, used 171071K [0x0000000700000000, 0x0000000800000000)
  region size 2048K, 44 young (90112K), 1 survivors (2048K)
 Metaspace       used 59993K, committed 60800K, reserved 1114112K
  class space    used 8232K, committed 8640K, reserved 1048576K
}
Event: 36.027 GC heap after
{Heap after GC invocations=41 (full 0):
 garbage-first heap   total 217088K, used 88431K [0x0000000700000000, 0x0000000800000000)
  region size 2048K, 3 young (6144K), 3 survivors (6144K)
 Metaspace       used 59993K, committed 60800K, reserved 1114112K
  class space    used 8232K, committed 8640K, reserved 1048576K
}
Event: 36.963 GC heap before
{Heap before GC invocations=41 (full 0):
 garbage-first heap   total 217088K, used 172399K [0x0000000700000000, 0x0000000800000000)
  region size 2048K, 45 young (92160K), 3 survivors (6144K)
 Metaspace       used 61663K, committed 62528K, reserved 1114112K
  class space    used 8420K, committed 8896K, reserved 1048576K
}
Event: 36.978 GC heap after
{Heap after GC invocations=42 (full 0):
 garbage-first heap   total 217088K, used 96185K [0x0000000700000000, 0x0000000800000000)
  region size 2048K, 6 young (12288K), 6 survivors (12288K)
 Metaspace       used 61663K, committed 62528K, reserved 1114112K
  class space    used 8420K, committed 8896K, reserved 1048576K
}
Event: 42.715 GC heap before
{Heap before GC invocations=42 (full 0):
 garbage-first heap   total 217088K, used 169913K [0x0000000700000000, 0x0000000800000000)
  region size 2048K, 43 young (88064K), 6 survivors (12288K)
 Metaspace       used 63066K, committed 63936K, reserved 1114112K
  class space    used 8588K, committed 9024K, reserved 1048576K
}
Event: 42.729 GC heap after
{Heap after GC invocations=43 (full 0):
 garbage-first heap   total 217088K, used 94441K [0x0000000700000000, 0x0000000800000000)
  region size 2048K, 3 young (6144K), 3 survivors (6144K)
 Metaspace       used 63066K, committed 63936K, reserved 1114112K
  class space    used 8588K, committed 9024K, reserved 1048576K
}
Event: 58.755 GC heap before
{Heap before GC invocations=43 (full 0):
 garbage-first heap   total 217088K, used 172265K [0x0000000700000000, 0x0000000800000000)
  region size 2048K, 42 young (86016K), 3 survivors (6144K)
 Metaspace       used 66534K, committed 67456K, reserved 1114112K
  class space    used 9089K, committed 9600K, reserved 1048576K
}
Event: 58.782 GC heap after
{Heap after GC invocations=44 (full 0):
 garbage-first heap   total 217088K, used 96839K [0x0000000700000000, 0x0000000800000000)
  region size 2048K, 4 young (8192K), 4 survivors (8192K)
 Metaspace       used 66534K, committed 67456K, reserved 1114112K
  class space    used 9089K, committed 9600K, reserved 1048576K
}
Event: 63.577 GC heap before
{Heap before GC invocations=44 (full 0):
 garbage-first heap   total 217088K, used 172615K [0x0000000700000000, 0x0000000800000000)
  region size 2048K, 42 young (86016K), 4 survivors (8192K)
 Metaspace       used 66626K, committed 67520K, reserved 1114112K
  class space    used 9100K, committed 9600K, reserved 1048576K
}
Event: 64.576 GC heap after
{Heap after GC invocations=45 (full 0):
 garbage-first heap   total 217088K, used 99441K [0x0000000700000000, 0x0000000800000000)
  region size 2048K, 4 young (8192K), 4 survivors (8192K)
 Metaspace       used 66626K, committed 67520K, reserved 1114112K
  class space    used 9100K, committed 9600K, reserved 1048576K
}

